\BOOKMARK [1][-]{section.1}{\376\377\000M\000o\000t\000i\000o\000n\000\040\000M\000o\000d\000e\000l}{}% 1
\BOOKMARK [2][-]{subsection.1.1}{\376\377\000D\000e\000s\000c\000r\000i\000p\000t\000i\000o\000n}{section.1}% 2
\BOOKMARK [2][-]{subsection.1.2}{\376\377\000I\000m\000p\000l\000e\000m\000e\000n\000t\000a\000t\000i\000o\000n}{section.1}% 3
\BOOKMARK [2][-]{subsection.1.3}{\376\377\000A\000l\000t\000e\000r\000a\000t\000i\000o\000n\000s}{section.1}% 4
\BOOKMARK [1][-]{section.2}{\376\377\000S\000e\000n\000s\000o\000r\000\040\000M\000o\000d\000e\000l}{}% 5
\BOOKMARK [2][-]{subsection.2.1}{\376\377\000R\000a\000y\000\040\000C\000a\000s\000t\000i\000n\000g}{section.2}% 6
\BOOKMARK [3][-]{subsubsection.2.1.1}{\376\377\000D\000e\000s\000c\000r\000i\000p\000t\000i\000o\000n}{subsection.2.1}% 7
\BOOKMARK [3][-]{subsubsection.2.1.2}{\376\377\000O\000p\000t\000i\000m\000i\000z\000a\000t\000i\000o\000n}{subsection.2.1}% 8
\BOOKMARK [2][-]{subsection.2.2}{\376\377\000S\000e\000n\000s\000o\000r\000\040\000M\000o\000d\000e\000l}{section.2}% 9
\BOOKMARK [3][-]{subsubsection.2.2.1}{\376\377\000D\000e\000s\000c\000r\000i\000p\000t\000i\000o\000n}{subsection.2.2}% 10
\BOOKMARK [3][-]{subsubsection.2.2.2}{\376\377\000O\000p\000t\000i\000m\000i\000z\000a\000t\000i\000o\000n}{subsection.2.2}% 11
\BOOKMARK [1][-]{section.3}{\376\377\000R\000e\000s\000a\000m\000p\000l\000i\000n\000g}{}% 12
\BOOKMARK [2][-]{subsection.3.1}{\376\377\000A\000l\000t\000e\000r\000a\000t\000i\000o\000n\000s}{section.3}% 13
\BOOKMARK [1][-]{section.4}{\376\377\000P\000e\000r\000f\000o\000r\000m\000a\000n\000c\000e}{}% 14
\BOOKMARK [1][-]{section.5}{\376\377\000P\000a\000r\000a\000m\000e\000t\000e\000r\000\040\000T\000u\000n\000i\000n\000g}{}% 15
\BOOKMARK [2][-]{subsection.5.1}{\376\377\000D\000i\000s\000c\000u\000s\000s\000i\000o\000n}{section.5}% 16
\BOOKMARK [2][-]{subsection.5.2}{\376\377\000F\000i\000n\000a\000l\000\040\000P\000a\000r\000a\000m\000e\000t\000e\000r\000s}{section.5}% 17
\BOOKMARK [3][-]{subsubsection.5.2.1}{\376\377\000M\000o\000t\000i\000o\000n\000\040\000M\000o\000d\000e\000l}{subsection.5.2}% 18
\BOOKMARK [3][-]{subsubsection.5.2.2}{\376\377\000S\000e\000n\000s\000o\000r\000\040\000M\000o\000d\000e\000l}{subsection.5.2}% 19
\BOOKMARK [1][-]{section.6}{\376\377\000L\000i\000n\000k\000s\000\040\000t\000o\000\040\000O\000u\000r\000\040\000V\000i\000d\000e\000o\000s}{}% 20
\BOOKMARK [1][-]{section.7}{\376\377\000F\000u\000t\000u\000r\000e\000\040\000W\000o\000r\000k}{}% 21
\BOOKMARK [1][-]{section.8}{\376\377\000E\000x\000t\000r\000a\000\040\000C\000r\000e\000d\000i\000t}{}% 22
\BOOKMARK [2][-]{subsection.8.1}{\376\377\000K\000i\000d\000n\000a\000p\000p\000e\000d\000\040\000r\000o\000b\000o\000t\000\040\000p\000r\000o\000b\000l\000e\000m}{section.8}% 23
\BOOKMARK [2][-]{subsection.8.2}{\376\377\000A\000d\000a\000p\000t\000i\000v\000e\000\040\000N\000u\000m\000b\000e\000r\000\040\000o\000f\000\040\000P\000a\000r\000t\000i\000c\000l\000e\000s}{section.8}% 24
